<?xml version="1.0" encoding="UTF-8"?>
<!-- Generated by org.testng.reporters.JUnitReportReporter -->
<testsuite hostname="DESKTOP-KBM" failures="0" tests="1" name="testCases.Test_DropdownButton" time="0.294" errors="0" timestamp="11 Sept 2024 06:58:23 GMT" skipped="0">
  <testcase classname="testCases.Test_DropdownButton" name="verifyDropdown" time="0.294"/>
</testsuite> <!-- testCases.Test_DropdownButton -->
