<?xml version="1.0" encoding="UTF-8"?>
<!-- Generated by org.testng.reporters.JUnitReportReporter -->
<testsuite hostname="DESKTOP-KBM" failures="0" tests="1" name="api_Test.ApiTesting" time="0.327" errors="0" timestamp="17 May 2025 07:29:16 GMT" skipped="0">
  <testcase classname="api_Test.ApiTesting" name="URLConnection" time="0.327"/>
</testsuite> <!-- api_Test.ApiTesting -->
