<?xml version="1.0" encoding="UTF-8"?>
<!-- Generated by org.testng.reporters.JUnitReportReporter -->
<testsuite hostname="DESKTOP-KBM" failures="0" tests="1" name="testCases.Test_Contact_Details" time="0.811" errors="0" timestamp="17 May 2025 11:30:50 GMT" skipped="0">
  <testcase classname="testCases.Test_Contact_Details" name="checkContactButton" time="0.811"/>
</testsuite> <!-- testCases.Test_Contact_Details -->
